mode: count
github.com/jeffotoni/gocache/gocache.go:58.42,60.21 2 6
github.com/jeffotoni/gocache/gocache.go:60.21,63.3 1 6
github.com/jeffotoni/gocache/gocache.go:63.8,66.3 1 0
github.com/jeffotoni/gocache/gocache.go:67.2,68.33 2 6
github.com/jeffotoni/gocache/gocache.go:68.33,73.3 1 48
github.com/jeffotoni/gocache/gocache.go:74.2,74.13 1 6
github.com/jeffotoni/gocache/gocache.go:74.13,76.3 1 6
github.com/jeffotoni/gocache/gocache.go:77.2,77.10 1 6
github.com/jeffotoni/gocache/gocache.go:82.44,84.32 2 1966
github.com/jeffotoni/gocache/gocache.go:84.32,87.3 2 3711
github.com/jeffotoni/gocache/gocache.go:88.2,88.10 1 1979
github.com/jeffotoni/gocache/gocache.go:93.43,95.2 1 1974
github.com/jeffotoni/gocache/gocache.go:100.71,102.30 2 984
github.com/jeffotoni/gocache/gocache.go:102.30,104.3 1 976
github.com/jeffotoni/gocache/gocache.go:105.2,105.13 1 980
github.com/jeffotoni/gocache/gocache.go:105.13,107.3 1 980
github.com/jeffotoni/gocache/gocache.go:109.2,116.16 7 1003
github.com/jeffotoni/gocache/gocache.go:122.53,130.13 6 967
github.com/jeffotoni/gocache/gocache.go:130.13,132.3 1 3
github.com/jeffotoni/gocache/gocache.go:134.2,134.62 1 991
github.com/jeffotoni/gocache/gocache.go:134.62,137.3 2 1
github.com/jeffotoni/gocache/gocache.go:139.2,139.25 1 971
github.com/jeffotoni/gocache/gocache.go:144.36,151.2 5 2
github.com/jeffotoni/gocache/gocache.go:156.27,160.19 3 6
github.com/jeffotoni/gocache/gocache.go:160.19,162.31 2 5
github.com/jeffotoni/gocache/gocache.go:162.31,164.34 2 40
github.com/jeffotoni/gocache/gocache.go:164.34,166.47 2 163840
github.com/jeffotoni/gocache/gocache.go:166.47,169.6 2 2
github.com/jeffotoni/gocache/gocache.go:171.4,171.18 1 40
